c:\git\game-mod-q2-fall2022\release\cd_win.obj
c:\git\game-mod-q2-fall2022\release\cl_cin.obj
c:\git\game-mod-q2-fall2022\release\cl_ents.obj
c:\git\game-mod-q2-fall2022\release\cl_fx.obj
c:\git\game-mod-q2-fall2022\release\cl_input.obj
c:\git\game-mod-q2-fall2022\release\cl_inv.obj
c:\git\game-mod-q2-fall2022\release\cl_main.obj
c:\git\game-mod-q2-fall2022\release\cl_newfx.obj
c:\git\game-mod-q2-fall2022\release\cl_parse.obj
c:\git\game-mod-q2-fall2022\release\cl_pred.obj
c:\git\game-mod-q2-fall2022\release\cl_scrn.obj
c:\git\game-mod-q2-fall2022\release\cl_tent.obj
c:\git\game-mod-q2-fall2022\release\cl_view.obj
c:\git\game-mod-q2-fall2022\release\cmd.obj
c:\git\game-mod-q2-fall2022\release\cmodel.obj
c:\git\game-mod-q2-fall2022\release\common.obj
c:\git\game-mod-q2-fall2022\release\conproc.obj
c:\git\game-mod-q2-fall2022\release\console.obj
c:\git\game-mod-q2-fall2022\release\crc.obj
c:\git\game-mod-q2-fall2022\release\cvar.obj
c:\git\game-mod-q2-fall2022\release\files.obj
c:\git\game-mod-q2-fall2022\release\in_win.obj
c:\git\game-mod-q2-fall2022\release\md4.obj
c:\git\game-mod-q2-fall2022\release\menu.obj
c:\git\game-mod-q2-fall2022\release\m_flash.obj
c:\git\game-mod-q2-fall2022\release\net_chan.obj
c:\git\game-mod-q2-fall2022\release\net_wins.obj
c:\git\game-mod-q2-fall2022\release\pmove.obj
c:\git\game-mod-q2-fall2022\release\qmenu.obj
c:\git\game-mod-q2-fall2022\release\q_shared.obj
c:\git\game-mod-q2-fall2022\release\q_shwin.obj
c:\git\game-mod-q2-fall2022\release\r_aclipa.obj
c:\git\game-mod-q2-fall2022\release\r_draw16.obj
c:\git\game-mod-q2-fall2022\release\r_drawa.obj
c:\git\game-mod-q2-fall2022\release\r_edgea.obj
c:\git\game-mod-q2-fall2022\release\r_polysa.obj
c:\git\game-mod-q2-fall2022\release\r_scana.obj
c:\git\game-mod-q2-fall2022\release\r_spr8.obj
c:\git\game-mod-q2-fall2022\release\r_surf8.obj
c:\git\game-mod-q2-fall2022\release\r_varsa.obj
c:\git\game-mod-q2-fall2022\release\snd_dma.obj
c:\git\game-mod-q2-fall2022\release\snd_mem.obj
c:\git\game-mod-q2-fall2022\release\snd_mix.obj
c:\git\game-mod-q2-fall2022\release\snd_win.obj
c:\git\game-mod-q2-fall2022\release\sv_ccmds.obj
c:\git\game-mod-q2-fall2022\release\sv_ents.obj
c:\git\game-mod-q2-fall2022\release\sv_game.obj
c:\git\game-mod-q2-fall2022\release\sv_init.obj
c:\git\game-mod-q2-fall2022\release\sv_main.obj
c:\git\game-mod-q2-fall2022\release\sv_send.obj
c:\git\game-mod-q2-fall2022\release\sv_user.obj
c:\git\game-mod-q2-fall2022\release\sv_world.obj
c:\git\game-mod-q2-fall2022\release\sys_win.obj
c:\git\game-mod-q2-fall2022\release\vid_dll.obj
c:\git\game-mod-q2-fall2022\release\vid_menu.obj
c:\git\game-mod-q2-fall2022\release\x86.obj
c:\git\game-mod-q2-fall2022\release\quake2.tlog\cl.command.1.tlog
